<?xml version="1.0" encoding="UTF-8"?>
<!-- Generated by org.testng.reporters.JUnitReportReporter -->
<testsuite hostname="Jatin" failures="0" tests="2" name="com.demo.nopcommerce.webpages.LoginTest" time="44.294" errors="0" timestamp="04 May 2019 15:16:05 GMT" skipped="0">
  <testcase classname="com.demo.nopcommerce.webpages.LoginTest" name="loginShouldFailAndErrorMessageShouldAppearWhenLoginIsInvalid" time="30.156"/>
  <testcase classname="com.demo.nopcommerce.webpages.LoginTest" name="userShouldLoginSuccessfully" time="14.138"/>
</testsuite> <!-- com.demo.nopcommerce.webpages.LoginTest -->
