<?xml version="1.0" encoding="UTF-8"?>
<!-- Generated by org.testng.reporters.JUnitReportReporter -->
<testsuite hostname="Jatin" failures="0" tests="1" name="com.demo.nopcommerce.AppTest" time="0.015" errors="0" timestamp="04 May 2019 15:16:05 GMT" skipped="0">
  <testcase classname="com.demo.nopcommerce.AppTest" name="shouldAnswerWithTrue" time="0.015"/>
</testsuite> <!-- com.demo.nopcommerce.AppTest -->
